SF:lib\main.dart
DA:7,1
DA:8,0
DA:9,1
DA:10,1
DA:12,0
DA:16,1
DA:19,0
LF:7
LH:4
end_of_record
SF:lib\utils\calculator.dart
DA:6,0
DA:7,0
DA:10,1
DA:11,1
DA:12,0
DA:13,0
DA:14,0
DA:15,0
LF:8
LH:2
end_of_record
SF:lib\pages\home_page.dart
DA:6,1
DA:8,0
DA:9,0
DA:17,0
DA:19,0
DA:23,0
DA:24,0
DA:36,0
DA:37,0
DA:38,0
DA:39,0
LF:11
LH:1
end_of_record
SF:lib\pages\bmi_page.dart
DA:10,1
DA:12,0
DA:13,0
DA:20,0
DA:22,0
DA:23,0
DA:24,0
DA:25,0
DA:26,0
DA:27,0
DA:28,0
DA:32,0
DA:33,0
DA:37,0
DA:38,0
DA:39,0
DA:42,0
DA:43,0
DA:44,0
DA:52,0
DA:53,0
DA:54,0
DA:55,0
DA:56,0
DA:60,0
DA:68,0
DA:69,0
DA:75,0
DA:79,0
DA:80,0
DA:82,0
DA:84,0
DA:85,0
DA:86,0
DA:96,0
DA:98,0
DA:100,0
DA:101,0
DA:102,0
DA:119,0
DA:120,0
DA:121,0
DA:122,0
DA:123,0
DA:127,0
DA:135,0
DA:136,0
DA:142,0
DA:146,0
DA:147,0
DA:149,0
DA:151,0
DA:152,0
DA:153,0
DA:163,0
DA:165,0
DA:167,0
DA:168,0
DA:169,0
DA:186,0
DA:187,0
DA:188,0
DA:189,0
DA:190,0
DA:192,0
DA:203,0
DA:204,0
DA:210,0
DA:211,0
DA:212,0
DA:215,0
DA:216,0
DA:217,0
DA:218,0
DA:227,0
DA:228,0
DA:229,0
DA:230,0
DA:231,0
DA:235,0
DA:243,0
DA:244,0
DA:249,0
DA:250,0
DA:251,0
DA:259,0
DA:260,0
DA:261,0
DA:262,0
DA:267,0
DA:268,0
DA:269,0
DA:270,0
DA:277,0
DA:279,0
DA:281,0
DA:283,0
DA:285,0
DA:288,0
DA:289,0
DA:290,0
DA:291,0
DA:292,0
DA:293,0
DA:294,0
DA:296,0
DA:297,0
DA:299,0
DA:300,0
DA:301,0
DA:309,0
DA:310,0
DA:311,0
DA:312,0
DA:314,0
LF:115
LH:1
end_of_record
SF:lib\widgets\info_card.dart
DA:5,0
DA:6,0
DA:9,0
DA:11,0
DA:12,0
DA:14,0
DA:22,0
DA:23,0
DA:24,0
LF:9
LH:0
end_of_record
SF:lib\pages\history_page.dart
DA:7,0
DA:9,0
DA:11,0
DA:12,0
DA:13,0
DA:14,0
DA:18,0
DA:19,0
DA:20,0
DA:21,0
DA:22,0
DA:23,0
DA:24,0
DA:25,0
DA:26,0
DA:27,0
DA:28,0
DA:29,0
DA:30,0
DA:34,0
DA:35,0
DA:36,0
DA:37,0
DA:50,0
DA:51,0
DA:60,0
DA:61,0
DA:62,0
DA:63,0
DA:71,0
DA:72,0
DA:73,0
LF:32
LH:0
end_of_record
